<?xml version="1.0" encoding="UTF-8"?>
<!-- Generated by org.testng.reporters.JUnitReportReporter -->
<testsuite hostname="DESKTOP-E81MRD2" failures="0" tests="1" name="Basic.OrgTest" time="5.086" errors="0" timestamp="2024-03-22T11:23:05 IST" skipped="0">
  <testcase classname="Basic.OrgTest" name="createOrgTest" time="5.086"/>
</testsuite> <!-- Basic.OrgTest -->
